  EditMesh.cpp
c:\users\gudbrand\desktop\cartel\editmesh.cpp(1606): warning C4244: '+=': conversion from 'double' to 'float', possible loss of data
c:\users\gudbrand\desktop\cartel\editmesh.cpp(1611): warning C4305: '/=': truncation from 'double' to 'float'
c:\users\gudbrand\desktop\cartel\editmesh.cpp(1641): warning C4018: '>=': signed/unsigned mismatch
c:\users\gudbrand\desktop\cartel\editmesh.cpp(1741): warning C4101: 'edge_counter': unreferenced local variable
glfw3.lib(init.obj) : warning LNK4217: locally defined symbol _vsnprintf imported in function __glfwInputError
MSVCRTD.lib(vsnprintf.obj) : warning LNK4049: locally defined symbol _vsnprintf imported
glfw3.lib(context.obj) : warning LNK4217: locally defined symbol _sscanf imported in function _parseGLVersion
MSVCRTD.lib(vsnprintf.obj) : warning LNK4049: locally defined symbol __vsnprintf imported
glew32s.lib(glew.obj) : warning LNK4099: PDB 'vc100.pdb' was not found with 'glew32s.lib(glew.obj)' or at 'C:\Users\Gudbrand\Desktop\Cartel\Debug\vc100.pdb'; linking object as if no debug info
glfw3.lib(clipboard.obj) : warning LNK4099: PDB 'vc110.pdb' was not found with 'glfw3.lib(clipboard.obj)' or at 'C:\Users\Gudbrand\Desktop\Cartel\Debug\vc110.pdb'; linking object as if no debug info
glfw3.lib(context.obj) : warning LNK4099: PDB 'vc110.pdb' was not found with 'glfw3.lib(context.obj)' or at 'C:\Users\Gudbrand\Desktop\Cartel\Debug\vc110.pdb'; linking object as if no debug info
glfw3.lib(gamma.obj) : warning LNK4099: PDB 'vc110.pdb' was not found with 'glfw3.lib(gamma.obj)' or at 'C:\Users\Gudbrand\Desktop\Cartel\Debug\vc110.pdb'; linking object as if no debug info
glfw3.lib(init.obj) : warning LNK4099: PDB 'vc110.pdb' was not found with 'glfw3.lib(init.obj)' or at 'C:\Users\Gudbrand\Desktop\Cartel\Debug\vc110.pdb'; linking object as if no debug info
glfw3.lib(input.obj) : warning LNK4099: PDB 'vc110.pdb' was not found with 'glfw3.lib(input.obj)' or at 'C:\Users\Gudbrand\Desktop\Cartel\Debug\vc110.pdb'; linking object as if no debug info
glfw3.lib(monitor.obj) : warning LNK4099: PDB 'vc110.pdb' was not found with 'glfw3.lib(monitor.obj)' or at 'C:\Users\Gudbrand\Desktop\Cartel\Debug\vc110.pdb'; linking object as if no debug info
glfw3.lib(time.obj) : warning LNK4099: PDB 'vc110.pdb' was not found with 'glfw3.lib(time.obj)' or at 'C:\Users\Gudbrand\Desktop\Cartel\Debug\vc110.pdb'; linking object as if no debug info
glfw3.lib(window.obj) : warning LNK4099: PDB 'vc110.pdb' was not found with 'glfw3.lib(window.obj)' or at 'C:\Users\Gudbrand\Desktop\Cartel\Debug\vc110.pdb'; linking object as if no debug info
glfw3.lib(win32_clipboard.obj) : warning LNK4099: PDB 'vc110.pdb' was not found with 'glfw3.lib(win32_clipboard.obj)' or at 'C:\Users\Gudbrand\Desktop\Cartel\Debug\vc110.pdb'; linking object as if no debug info
glfw3.lib(win32_gamma.obj) : warning LNK4099: PDB 'vc110.pdb' was not found with 'glfw3.lib(win32_gamma.obj)' or at 'C:\Users\Gudbrand\Desktop\Cartel\Debug\vc110.pdb'; linking object as if no debug info
glfw3.lib(win32_init.obj) : warning LNK4099: PDB 'vc110.pdb' was not found with 'glfw3.lib(win32_init.obj)' or at 'C:\Users\Gudbrand\Desktop\Cartel\Debug\vc110.pdb'; linking object as if no debug info
glfw3.lib(win32_joystick.obj) : warning LNK4099: PDB 'vc110.pdb' was not found with 'glfw3.lib(win32_joystick.obj)' or at 'C:\Users\Gudbrand\Desktop\Cartel\Debug\vc110.pdb'; linking object as if no debug info
glfw3.lib(win32_monitor.obj) : warning LNK4099: PDB 'vc110.pdb' was not found with 'glfw3.lib(win32_monitor.obj)' or at 'C:\Users\Gudbrand\Desktop\Cartel\Debug\vc110.pdb'; linking object as if no debug info
glfw3.lib(win32_time.obj) : warning LNK4099: PDB 'vc110.pdb' was not found with 'glfw3.lib(win32_time.obj)' or at 'C:\Users\Gudbrand\Desktop\Cartel\Debug\vc110.pdb'; linking object as if no debug info
glfw3.lib(win32_window.obj) : warning LNK4099: PDB 'vc110.pdb' was not found with 'glfw3.lib(win32_window.obj)' or at 'C:\Users\Gudbrand\Desktop\Cartel\Debug\vc110.pdb'; linking object as if no debug info
glfw3.lib(wgl_context.obj) : warning LNK4099: PDB 'vc110.pdb' was not found with 'glfw3.lib(wgl_context.obj)' or at 'C:\Users\Gudbrand\Desktop\Cartel\Debug\vc110.pdb'; linking object as if no debug info
  Cartel.vcxproj -> C:\Users\Gudbrand\Desktop\Cartel\Debug\Cartel.exe
  Cartel.vcxproj -> C:\Users\Gudbrand\Desktop\Cartel\Debug\Cartel.pdb (Full PDB)
